{"/Users/axel/Desktop/YNOV/tests/my-favorite-places/server/src/app.ts": {"path":"/Users/axel/Desktop/YNOV/tests/my-favorite-places/server/src/app.ts","statementMap":{"0":{"start":{"line":1,"column":0},"end":{"line":1,"column":30}},"1":{"start":{"line":2,"column":0},"end":{"line":2,"column":33}},"2":{"start":{"line":3,"column":0},"end":{"line":3,"column":49}},"3":{"start":{"line":5,"column":12},"end":{"line":5,"column":21}},"4":{"start":{"line":6,"column":23},"end":{"line":12,"column":18}},"5":{"start":{"line":11,"column":19},"end":{"line":11,"column":32}},"6":{"start":{"line":14,"column":0},"end":{"line":33,"column":3}},"7":{"start":{"line":15,"column":17},"end":{"line":15,"column":35}},"8":{"start":{"line":17,"column":2},"end":{"line":26,"column":3}},"9":{"start":{"line":18,"column":4},"end":{"line":18,"column":54}},"10":{"start":{"line":19,"column":4},"end":{"line":19,"column":33}},"11":{"start":{"line":20,"column":4},"end":{"line":20,"column":59}},"12":{"start":{"line":21,"column":4},"end":{"line":24,"column":6}},"13":{"start":{"line":25,"column":4},"end":{"line":25,"column":84}},"14":{"start":{"line":28,"column":2},"end":{"line":30,"column":3}},"15":{"start":{"line":29,"column":4},"end":{"line":29,"column":31}},"16":{"start":{"line":32,"column":2},"end":{"line":32,"column":9}},"17":{"start":{"line":36,"column":0},"end":{"line":36,"column":24}},"18":{"start":{"line":39,"column":0},"end":{"line":39,"column":27}},"19":{"start":{"line":41,"column":0},"end":{"line":43,"column":3}},"20":{"start":{"line":42,"column":2},"end":{"line":42,"column":35}},"21":{"start":{"line":46,"column":0},"end":{"line":48,"column":3}},"22":{"start":{"line":47,"column":2},"end":{"line":47,"column":25}},"23":{"start":{"line":50,"column":0},"end":{"line":50,"column":19}}},"fnMap":{"0":{"name":"(anonymous_1)","decl":{"start":{"line":11,"column":7},"end":{"line":11,"column":8}},"loc":{"start":{"line":11,"column":19},"end":{"line":11,"column":32}}},"1":{"name":"(anonymous_2)","decl":{"start":{"line":14,"column":8},"end":{"line":14,"column":9}},"loc":{"start":{"line":14,"column":27},"end":{"line":33,"column":1}}},"2":{"name":"(anonymous_3)","decl":{"start":{"line":41,"column":25},"end":{"line":41,"column":26}},"loc":{"start":{"line":41,"column":36},"end":{"line":43,"column":1}}},"3":{"name":"(anonymous_4)","decl":{"start":{"line":46,"column":8},"end":{"line":46,"column":9}},"loc":{"start":{"line":46,"column":19},"end":{"line":48,"column":1}}}},"branchMap":{"0":{"loc":{"start":{"line":7,"column":2},"end":{"line":8,"column":91}},"type":"binary-expr","locations":[{"start":{"line":7,"column":2},"end":{"line":7,"column":34}},{"start":{"line":8,"column":2},"end":{"line":8,"column":91}}]},"1":{"loc":{"start":{"line":17,"column":2},"end":{"line":26,"column":3}},"type":"if","locations":[{"start":{"line":17,"column":2},"end":{"line":26,"column":3}},{"start":{},"end":{}}]},"2":{"loc":{"start":{"line":17,"column":6},"end":{"line":17,"column":47}},"type":"binary-expr","locations":[{"start":{"line":17,"column":6},"end":{"line":17,"column":12}},{"start":{"line":17,"column":16},"end":{"line":17,"column":47}}]},"3":{"loc":{"start":{"line":28,"column":2},"end":{"line":30,"column":3}},"type":"if","locations":[{"start":{"line":28,"column":2},"end":{"line":30,"column":3}},{"start":{},"end":{}}]}},"s":{"0":1,"1":1,"2":1,"3":1,"4":1,"5":4,"6":1,"7":4,"8":4,"9":0,"10":0,"11":0,"12":0,"13":0,"14":4,"15":0,"16":4,"17":1,"18":1,"19":1,"20":0,"21":1,"22":0,"23":1},"f":{"0":4,"1":4,"2":0,"3":0},"b":{"0":[1,1],"1":[0,4],"2":[4,0],"3":[0,4]}}
,"/Users/axel/Desktop/YNOV/tests/my-favorite-places/server/src/datasource.ts": {"path":"/Users/axel/Desktop/YNOV/tests/my-favorite-places/server/src/datasource.ts","statementMap":{"0":{"start":{"line":1,"column":0},"end":{"line":1,"column":37}},"1":{"start":{"line":3,"column":19},"end":{"line":9,"column":2}},"2":{"start":{"line":11,"column":0},"end":{"line":11,"column":26}}},"fnMap":{},"branchMap":{},"s":{"0":1,"1":1,"2":1},"f":{},"b":{}}
,"/Users/axel/Desktop/YNOV/tests/my-favorite-places/server/src/router.ts": {"path":"/Users/axel/Desktop/YNOV/tests/my-favorite-places/server/src/router.ts","statementMap":{"0":{"start":{"line":1,"column":0},"end":{"line":1,"column":33}},"1":{"start":{"line":2,"column":0},"end":{"line":2,"column":46}},"2":{"start":{"line":3,"column":0},"end":{"line":3,"column":54}},"3":{"start":{"line":5,"column":18},"end":{"line":5,"column":26}},"4":{"start":{"line":7,"column":0},"end":{"line":7,"column":37}},"5":{"start":{"line":8,"column":0},"end":{"line":8,"column":45}},"6":{"start":{"line":10,"column":0},"end":{"line":10,"column":25}}},"fnMap":{},"branchMap":{},"s":{"0":1,"1":1,"2":1,"3":1,"4":1,"5":1,"6":1},"f":{},"b":{}}
,"/Users/axel/Desktop/YNOV/tests/my-favorite-places/server/src/swagger.ts": {"path":"/Users/axel/Desktop/YNOV/tests/my-favorite-places/server/src/swagger.ts","statementMap":{"0":{"start":{"line":125,"column":0},"end":{"line":125,"column":16}},"1":{"start":{"line":129,"column":0},"end":{"line":129,"column":7}},"2":{"start":{"line":1,"column":0},"end":{"line":1,"column":55}},"3":{"start":{"line":2,"column":0},"end":{"line":2,"column":36}},"4":{"start":{"line":3,"column":0},"end":{"line":3,"column":41}},"5":{"start":{"line":5,"column":23},"end":{"line":123,"column":2}},"6":{"start":{"line":126,"column":2},"end":{"line":126,"column":38}},"7":{"start":{"line":130,"column":19},"end":{"line":130,"column":57}},"8":{"start":{"line":131,"column":19},"end":{"line":131,"column":41}},"9":{"start":{"line":132,"column":22},"end":{"line":132,"column":62}},"10":{"start":{"line":134,"column":2},"end":{"line":141,"column":3}},"11":{"start":{"line":135,"column":27},"end":{"line":135,"column":59}},"12":{"start":{"line":136,"column":4},"end":{"line":138,"column":5}},"13":{"start":{"line":137,"column":6},"end":{"line":137,"column":22}},"14":{"start":{"line":143,"column":2},"end":{"line":143,"column":49}},"15":{"start":{"line":144,"column":2},"end":{"line":144,"column":18}}},"fnMap":{"0":{"name":"buildOpenApiDocument","decl":{"start":{"line":125,"column":16},"end":{"line":125,"column":36}},"loc":{"start":{"line":125,"column":36},"end":{"line":127,"column":1}}},"1":{"name":"writeOpenApiJsonFile","decl":{"start":{"line":129,"column":22},"end":{"line":129,"column":42}},"loc":{"start":{"line":129,"column":42},"end":{"line":145,"column":1}}}},"branchMap":{"0":{"loc":{"start":{"line":136,"column":4},"end":{"line":138,"column":5}},"type":"if","locations":[{"start":{"line":136,"column":4},"end":{"line":138,"column":5}},{"start":{},"end":{}}]}},"s":{"0":1,"1":1,"2":1,"3":1,"4":1,"5":1,"6":0,"7":0,"8":0,"9":0,"10":0,"11":0,"12":0,"13":0,"14":0,"15":0},"f":{"0":0,"1":0},"b":{"0":[0,0]}}
,"/Users/axel/Desktop/YNOV/tests/my-favorite-places/server/src/controllers/Addresses.ts": {"path":"/Users/axel/Desktop/YNOV/tests/my-favorite-places/server/src/controllers/Addresses.ts","statementMap":{"0":{"start":{"line":1,"column":0},"end":{"line":1,"column":33}},"1":{"start":{"line":2,"column":0},"end":{"line":2,"column":77}},"2":{"start":{"line":3,"column":0},"end":{"line":3,"column":46}},"3":{"start":{"line":4,"column":0},"end":{"line":4,"column":53}},"4":{"start":{"line":5,"column":0},"end":{"line":5,"column":65}},"5":{"start":{"line":6,"column":0},"end":{"line":6,"column":51}},"6":{"start":{"line":8,"column":24},"end":{"line":8,"column":32}},"7":{"start":{"line":20,"column":2},"end":{"line":27,"column":4}},"8":{"start":{"line":80,"column":0},"end":{"line":108,"column":3}},"9":{"start":{"line":81,"column":21},"end":{"line":81,"column":40}},"10":{"start":{"line":82,"column":15},"end":{"line":82,"column":28}},"11":{"start":{"line":83,"column":22},"end":{"line":83,"column":42}},"12":{"start":{"line":85,"column":2},"end":{"line":89,"column":3}},"13":{"start":{"line":86,"column":4},"end":{"line":88,"column":62}},"14":{"start":{"line":91,"column":22},"end":{"line":91,"column":64}},"15":{"start":{"line":93,"column":2},"end":{"line":107,"column":3}},"16":{"start":{"line":94,"column":17},"end":{"line":94,"column":46}},"17":{"start":{"line":95,"column":4},"end":{"line":97,"column":5}},"18":{"start":{"line":96,"column":6},"end":{"line":96,"column":64}},"19":{"start":{"line":98,"column":20},"end":{"line":98,"column":33}},"20":{"start":{"line":99,"column":4},"end":{"line":99,"column":24}},"21":{"start":{"line":100,"column":4},"end":{"line":100,"column":38}},"22":{"start":{"line":101,"column":4},"end":{"line":101,"column":40}},"23":{"start":{"line":102,"column":4},"end":{"line":102,"column":24}},"24":{"start":{"line":103,"column":4},"end":{"line":103,"column":25}},"25":{"start":{"line":104,"column":4},"end":{"line":104,"column":57}},"26":{"start":{"line":106,"column":4},"end":{"line":106,"column":70}},"27":{"start":{"line":132,"column":0},"end":{"line":139,"column":3}},"28":{"start":{"line":133,"column":15},"end":{"line":133,"column":44}},"29":{"start":{"line":134,"column":2},"end":{"line":136,"column":3}},"30":{"start":{"line":135,"column":4},"end":{"line":135,"column":62}},"31":{"start":{"line":137,"column":20},"end":{"line":137,"column":67}},"32":{"start":{"line":138,"column":2},"end":{"line":138,"column":62}},"33":{"start":{"line":192,"column":0},"end":{"line":229,"column":3}},"34":{"start":{"line":193,"column":17},"end":{"line":193,"column":32}},"35":{"start":{"line":195,"column":2},"end":{"line":199,"column":3}},"36":{"start":{"line":196,"column":4},"end":{"line":198,"column":74}},"37":{"start":{"line":201,"column":15},"end":{"line":201,"column":28}},"38":{"start":{"line":203,"column":2},"end":{"line":213,"column":3}},"39":{"start":{"line":210,"column":4},"end":{"line":212,"column":7}},"40":{"start":{"line":215,"column":15},"end":{"line":215,"column":44}},"41":{"start":{"line":216,"column":2},"end":{"line":218,"column":3}},"42":{"start":{"line":217,"column":4},"end":{"line":217,"column":62}},"43":{"start":{"line":219,"column":20},"end":{"line":219,"column":67}},"44":{"start":{"line":220,"column":36},"end":{"line":220,"column":38}},"45":{"start":{"line":222,"column":2},"end":{"line":226,"column":3}},"46":{"start":{"line":223,"column":4},"end":{"line":225,"column":5}},"47":{"start":{"line":224,"column":6},"end":{"line":224,"column":35}},"48":{"start":{"line":228,"column":2},"end":{"line":228,"column":67}},"49":{"start":{"line":231,"column":0},"end":{"line":231,"column":31}}},"fnMap":{"0":{"name":"serializeAddress","decl":{"start":{"line":19,"column":9},"end":{"line":19,"column":25}},"loc":{"start":{"line":19,"column":42},"end":{"line":28,"column":1}}},"1":{"name":"(anonymous_1)","decl":{"start":{"line":80,"column":40},"end":{"line":80,"column":45}},"loc":{"start":{"line":80,"column":59},"end":{"line":108,"column":1}}},"2":{"name":"(anonymous_2)","decl":{"start":{"line":132,"column":39},"end":{"line":132,"column":44}},"loc":{"start":{"line":132,"column":58},"end":{"line":139,"column":1}}},"3":{"name":"(anonymous_3)","decl":{"start":{"line":192,"column":48},"end":{"line":192,"column":53}},"loc":{"start":{"line":192,"column":67},"end":{"line":229,"column":1}}}},"branchMap":{"0":{"loc":{"start":{"line":23,"column":17},"end":{"line":23,"column":44}},"type":"binary-expr","locations":[{"start":{"line":23,"column":17},"end":{"line":23,"column":36}},{"start":{"line":23,"column":40},"end":{"line":23,"column":44}}]},"1":{"loc":{"start":{"line":85,"column":2},"end":{"line":89,"column":3}},"type":"if","locations":[{"start":{"line":85,"column":2},"end":{"line":89,"column":3}},{"start":{},"end":{}}]},"2":{"loc":{"start":{"line":85,"column":6},"end":{"line":85,"column":26}},"type":"binary-expr","locations":[{"start":{"line":85,"column":6},"end":{"line":85,"column":17}},{"start":{"line":85,"column":21},"end":{"line":85,"column":26}}]},"3":{"loc":{"start":{"line":93,"column":2},"end":{"line":107,"column":3}},"type":"if","locations":[{"start":{"line":93,"column":2},"end":{"line":107,"column":3}},{"start":{"line":105,"column":9},"end":{"line":107,"column":3}}]},"4":{"loc":{"start":{"line":95,"column":4},"end":{"line":97,"column":5}},"type":"if","locations":[{"start":{"line":95,"column":4},"end":{"line":97,"column":5}},{"start":{},"end":{}}]},"5":{"loc":{"start":{"line":134,"column":2},"end":{"line":136,"column":3}},"type":"if","locations":[{"start":{"line":134,"column":2},"end":{"line":136,"column":3}},{"start":{},"end":{}}]},"6":{"loc":{"start":{"line":195,"column":2},"end":{"line":199,"column":3}},"type":"if","locations":[{"start":{"line":195,"column":2},"end":{"line":199,"column":3}},{"start":{},"end":{}}]},"7":{"loc":{"start":{"line":195,"column":6},"end":{"line":195,"column":57}},"type":"binary-expr","locations":[{"start":{"line":195,"column":6},"end":{"line":195,"column":13}},{"start":{"line":195,"column":17},"end":{"line":195,"column":43}},{"start":{"line":195,"column":47},"end":{"line":195,"column":57}}]},"8":{"loc":{"start":{"line":203,"column":2},"end":{"line":213,"column":3}},"type":"if","locations":[{"start":{"line":203,"column":2},"end":{"line":213,"column":3}},{"start":{},"end":{}}]},"9":{"loc":{"start":{"line":204,"column":4},"end":{"line":208,"column":32}},"type":"binary-expr","locations":[{"start":{"line":204,"column":4},"end":{"line":204,"column":9}},{"start":{"line":205,"column":4},"end":{"line":205,"column":13}},{"start":{"line":206,"column":4},"end":{"line":206,"column":13}},{"start":{"line":207,"column":4},"end":{"line":207,"column":32}},{"start":{"line":208,"column":4},"end":{"line":208,"column":32}}]},"10":{"loc":{"start":{"line":216,"column":2},"end":{"line":218,"column":3}},"type":"if","locations":[{"start":{"line":216,"column":2},"end":{"line":218,"column":3}},{"start":{},"end":{}}]},"11":{"loc":{"start":{"line":223,"column":4},"end":{"line":225,"column":5}},"type":"if","locations":[{"start":{"line":223,"column":4},"end":{"line":225,"column":5}},{"start":{},"end":{}}]}},"s":{"0":1,"1":1,"2":1,"3":1,"4":1,"5":1,"6":1,"7":0,"8":1,"9":0,"10":0,"11":0,"12":0,"13":0,"14":0,"15":0,"16":0,"17":0,"18":0,"19":0,"20":0,"21":0,"22":0,"23":0,"24":0,"25":0,"26":0,"27":1,"28":0,"29":0,"30":0,"31":0,"32":0,"33":1,"34":0,"35":0,"36":0,"37":0,"38":0,"39":0,"40":0,"41":0,"42":0,"43":0,"44":0,"45":0,"46":0,"47":0,"48":0,"49":1},"f":{"0":0,"1":0,"2":0,"3":0},"b":{"0":[0,0],"1":[0,0],"2":[0,0],"3":[0,0],"4":[0,0],"5":[0,0],"6":[0,0],"7":[0,0,0],"8":[0,0],"9":[0,0,0,0,0],"10":[0,0],"11":[0,0]}}
,"/Users/axel/Desktop/YNOV/tests/my-favorite-places/server/src/controllers/Users.ts": {"path":"/Users/axel/Desktop/YNOV/tests/my-favorite-places/server/src/controllers/Users.ts","statementMap":{"0":{"start":{"line":1,"column":0},"end":{"line":1,"column":33}},"1":{"start":{"line":2,"column":0},"end":{"line":2,"column":40}},"2":{"start":{"line":3,"column":0},"end":{"line":3,"column":28}},"3":{"start":{"line":4,"column":0},"end":{"line":4,"column":31}},"4":{"start":{"line":5,"column":0},"end":{"line":5,"column":53}},"5":{"start":{"line":6,"column":0},"end":{"line":6,"column":65}},"6":{"start":{"line":8,"column":23},"end":{"line":8,"column":70}},"7":{"start":{"line":9,"column":21},"end":{"line":9,"column":58}},"8":{"start":{"line":11,"column":3},"end":{"line":12,"column":7}},"9":{"start":{"line":14,"column":2},"end":{"line":14,"column":85}},"10":{"start":{"line":15,"column":26},"end":{"line":20,"column":11}},"11":{"start":{"line":22,"column":20},"end":{"line":22,"column":28}},"12":{"start":{"line":31,"column":2},"end":{"line":35,"column":4}},"13":{"start":{"line":79,"column":0},"end":{"line":97,"column":3}},"14":{"start":{"line":80,"column":16},"end":{"line":80,"column":30}},"15":{"start":{"line":81,"column":19},"end":{"line":81,"column":36}},"16":{"start":{"line":83,"column":2},"end":{"line":85,"column":3}},"17":{"start":{"line":84,"column":4},"end":{"line":84,"column":80}},"18":{"start":{"line":87,"column":2},"end":{"line":96,"column":3}},"19":{"start":{"line":88,"column":17},"end":{"line":88,"column":27}},"20":{"start":{"line":89,"column":4},"end":{"line":89,"column":23}},"21":{"start":{"line":90,"column":4},"end":{"line":90,"column":54}},"22":{"start":{"line":91,"column":4},"end":{"line":91,"column":22}},"23":{"start":{"line":92,"column":4},"end":{"line":92,"column":51}},"24":{"start":{"line":94,"column":4},"end":{"line":94,"column":59}},"25":{"start":{"line":95,"column":4},"end":{"line":95,"column":70}},"26":{"start":{"line":121,"column":0},"end":{"line":127,"column":3}},"27":{"start":{"line":122,"column":15},"end":{"line":122,"column":44}},"28":{"start":{"line":123,"column":2},"end":{"line":125,"column":3}},"29":{"start":{"line":124,"column":4},"end":{"line":124,"column":62}},"30":{"start":{"line":126,"column":2},"end":{"line":126,"column":49}},"31":{"start":{"line":165,"column":0},"end":{"line":190,"column":3}},"32":{"start":{"line":166,"column":16},"end":{"line":166,"column":30}},"33":{"start":{"line":167,"column":19},"end":{"line":167,"column":36}},"34":{"start":{"line":169,"column":2},"end":{"line":171,"column":3}},"35":{"start":{"line":170,"column":4},"end":{"line":170,"column":80}},"36":{"start":{"line":173,"column":15},"end":{"line":173,"column":46}},"37":{"start":{"line":175,"column":2},"end":{"line":177,"column":3}},"38":{"start":{"line":176,"column":4},"end":{"line":176,"column":66}},"39":{"start":{"line":179,"column":2},"end":{"line":189,"column":3}},"40":{"start":{"line":180,"column":4},"end":{"line":186,"column":5}},"41":{"start":{"line":181,"column":20},"end":{"line":181,"column":65}},"42":{"start":{"line":182,"column":6},"end":{"line":182,"column":52}},"43":{"start":{"line":183,"column":6},"end":{"line":183,"column":40}},"44":{"start":{"line":185,"column":6},"end":{"line":185,"column":68}},"45":{"start":{"line":188,"column":4},"end":{"line":188,"column":66}},"46":{"start":{"line":212,"column":0},"end":{"line":215,"column":3}},"47":{"start":{"line":213,"column":2},"end":{"line":213,"column":46}},"48":{"start":{"line":214,"column":2},"end":{"line":214,"column":45}},"49":{"start":{"line":217,"column":0},"end":{"line":217,"column":27}}},"fnMap":{"0":{"name":"serializeUser","decl":{"start":{"line":30,"column":9},"end":{"line":30,"column":22}},"loc":{"start":{"line":30,"column":33},"end":{"line":36,"column":1}}},"1":{"name":"(anonymous_2)","decl":{"start":{"line":79,"column":22},"end":{"line":79,"column":27}},"loc":{"start":{"line":79,"column":41},"end":{"line":97,"column":1}}},"2":{"name":"(anonymous_3)","decl":{"start":{"line":121,"column":37},"end":{"line":121,"column":42}},"loc":{"start":{"line":121,"column":56},"end":{"line":127,"column":1}}},"3":{"name":"(anonymous_4)","decl":{"start":{"line":165,"column":28},"end":{"line":165,"column":33}},"loc":{"start":{"line":165,"column":47},"end":{"line":190,"column":1}}},"4":{"name":"(anonymous_5)","decl":{"start":{"line":212,"column":30},"end":{"line":212,"column":31}},"loc":{"start":{"line":212,"column":44},"end":{"line":215,"column":1}}}},"branchMap":{"0":{"loc":{"start":{"line":8,"column":23},"end":{"line":8,"column":70}},"type":"binary-expr","locations":[{"start":{"line":8,"column":23},"end":{"line":8,"column":49}},{"start":{"line":8,"column":53},"end":{"line":8,"column":70}}]},"1":{"loc":{"start":{"line":11,"column":3},"end":{"line":12,"column":7}},"type":"binary-expr","locations":[{"start":{"line":11,"column":3},"end":{"line":11,"column":73}},{"start":{"line":12,"column":2},"end":{"line":12,"column":7}}]},"2":{"loc":{"start":{"line":14,"column":2},"end":{"line":14,"column":85}},"type":"binary-expr","locations":[{"start":{"line":14,"column":2},"end":{"line":14,"column":38}},{"start":{"line":14,"column":43},"end":{"line":14,"column":55}},{"start":{"line":14,"column":59},"end":{"line":14,"column":84}}]},"3":{"loc":{"start":{"line":83,"column":2},"end":{"line":85,"column":3}},"type":"if","locations":[{"start":{"line":83,"column":2},"end":{"line":85,"column":3}},{"start":{},"end":{}}]},"4":{"loc":{"start":{"line":83,"column":6},"end":{"line":83,"column":25}},"type":"binary-expr","locations":[{"start":{"line":83,"column":6},"end":{"line":83,"column":12}},{"start":{"line":83,"column":16},"end":{"line":83,"column":25}}]},"5":{"loc":{"start":{"line":123,"column":2},"end":{"line":125,"column":3}},"type":"if","locations":[{"start":{"line":123,"column":2},"end":{"line":125,"column":3}},{"start":{},"end":{}}]},"6":{"loc":{"start":{"line":169,"column":2},"end":{"line":171,"column":3}},"type":"if","locations":[{"start":{"line":169,"column":2},"end":{"line":171,"column":3}},{"start":{},"end":{}}]},"7":{"loc":{"start":{"line":169,"column":6},"end":{"line":169,"column":25}},"type":"binary-expr","locations":[{"start":{"line":169,"column":6},"end":{"line":169,"column":12}},{"start":{"line":169,"column":16},"end":{"line":169,"column":25}}]},"8":{"loc":{"start":{"line":175,"column":2},"end":{"line":177,"column":3}},"type":"if","locations":[{"start":{"line":175,"column":2},"end":{"line":177,"column":3}},{"start":{},"end":{}}]},"9":{"loc":{"start":{"line":180,"column":4},"end":{"line":186,"column":5}},"type":"if","locations":[{"start":{"line":180,"column":4},"end":{"line":186,"column":5}},{"start":{"line":184,"column":11},"end":{"line":186,"column":5}}]}},"s":{"0":1,"1":1,"2":1,"3":1,"4":1,"5":1,"6":1,"7":1,"8":1,"9":1,"10":1,"11":1,"12":2,"13":1,"14":1,"15":1,"16":1,"17":0,"18":1,"19":1,"20":1,"21":1,"22":1,"23":1,"24":0,"25":0,"26":1,"27":1,"28":1,"29":0,"30":1,"31":1,"32":1,"33":1,"34":1,"35":0,"36":1,"37":1,"38":0,"39":1,"40":1,"41":1,"42":1,"43":1,"44":0,"45":0,"46":1,"47":0,"48":0,"49":1},"f":{"0":2,"1":1,"2":1,"3":1,"4":0},"b":{"0":[1,1],"1":[1,1],"2":[1,1,0],"3":[0,1],"4":[1,1],"5":[0,1],"6":[0,1],"7":[1,1],"8":[0,1],"9":[1,0]}}
,"/Users/axel/Desktop/YNOV/tests/my-favorite-places/server/src/entities/Address.ts": {"path":"/Users/axel/Desktop/YNOV/tests/my-favorite-places/server/src/entities/Address.ts","statementMap":{"0":{"start":{"line":1,"column":0},"end":{"line":1,"column":null}},"1":{"start":{"line":9,"column":0},"end":{"line":9,"column":30}},"2":{"start":{"line":12,"column":7},"end":{"line":33,"column":null}},"3":{"start":{"line":12,"column":13},"end":{"line":12,"column":20}},"4":{"start":{"line":14,"column":2},"end":{"line":14,"column":null}},"5":{"start":{"line":17,"column":2},"end":{"line":17,"column":null}},"6":{"start":{"line":20,"column":2},"end":{"line":20,"column":null}},"7":{"start":{"line":23,"column":2},"end":{"line":23,"column":null}},"8":{"start":{"line":26,"column":2},"end":{"line":26,"column":null}},"9":{"start":{"line":29,"column":2},"end":{"line":29,"column":null}},"10":{"start":{"line":28,"column":19},"end":{"line":28,"column":23}},"11":{"start":{"line":28,"column":35},"end":{"line":28,"column":49}},"12":{"start":{"line":32,"column":2},"end":{"line":32,"column":null}},"13":{"start":{"line":12,"column":13},"end":{"line":33,"column":null}}},"fnMap":{"0":{"name":"(anonymous_2)","decl":{"start":{"line":28,"column":13},"end":{"line":28,"column":16}},"loc":{"start":{"line":28,"column":19},"end":{"line":28,"column":23}}},"1":{"name":"(anonymous_3)","decl":{"start":{"line":28,"column":25},"end":{"line":28,"column":26}},"loc":{"start":{"line":28,"column":35},"end":{"line":28,"column":49}}}},"branchMap":{"0":{"loc":{"start":{"line":29,"column":8},"end":{"line":29,"column":13}},"type":"cond-expr","locations":[{"start":{"line":29,"column":12},"end":{"line":29,"column":13}},{"start":{"line":29,"column":12},"end":{"line":29,"column":13}}]},"1":{"loc":{"start":{"line":29,"column":8},"end":{"line":29,"column":12}},"type":"binary-expr","locations":[{"start":{"line":29,"column":8},"end":{"line":29,"column":13}},{"start":{"line":29,"column":8},"end":{"line":29,"column":12}}]},"2":{"loc":{"start":{"line":32,"column":13},"end":{"line":32,"column":18}},"type":"cond-expr","locations":[{"start":{"line":32,"column":17},"end":{"line":32,"column":18}},{"start":{"line":32,"column":17},"end":{"line":32,"column":18}}]},"3":{"loc":{"start":{"line":32,"column":13},"end":{"line":32,"column":17}},"type":"binary-expr","locations":[{"start":{"line":32,"column":13},"end":{"line":32,"column":18}},{"start":{"line":32,"column":13},"end":{"line":32,"column":17}}]}},"s":{"0":1,"1":1,"2":1,"3":1,"4":1,"5":1,"6":1,"7":1,"8":1,"9":1,"10":1,"11":1,"12":1,"13":1},"f":{"0":1,"1":1},"b":{"0":[0,1],"1":[1,0],"2":[1,0],"3":[1,1]}}
,"/Users/axel/Desktop/YNOV/tests/my-favorite-places/server/src/entities/User.ts": {"path":"/Users/axel/Desktop/YNOV/tests/my-favorite-places/server/src/entities/User.ts","statementMap":{"0":{"start":{"line":1,"column":0},"end":{"line":1,"column":null}},"1":{"start":{"line":9,"column":0},"end":{"line":9,"column":36}},"2":{"start":{"line":12,"column":7},"end":{"line":27,"column":null}},"3":{"start":{"line":12,"column":13},"end":{"line":12,"column":17}},"4":{"start":{"line":14,"column":2},"end":{"line":14,"column":null}},"5":{"start":{"line":17,"column":2},"end":{"line":17,"column":null}},"6":{"start":{"line":20,"column":2},"end":{"line":20,"column":null}},"7":{"start":{"line":23,"column":2},"end":{"line":23,"column":null}},"8":{"start":{"line":22,"column":19},"end":{"line":22,"column":26}},"9":{"start":{"line":22,"column":41},"end":{"line":22,"column":53}},"10":{"start":{"line":26,"column":2},"end":{"line":26,"column":null}},"11":{"start":{"line":12,"column":13},"end":{"line":27,"column":null}}},"fnMap":{"0":{"name":"(anonymous_2)","decl":{"start":{"line":22,"column":13},"end":{"line":22,"column":16}},"loc":{"start":{"line":22,"column":19},"end":{"line":22,"column":26}}},"1":{"name":"(anonymous_3)","decl":{"start":{"line":22,"column":28},"end":{"line":22,"column":29}},"loc":{"start":{"line":22,"column":41},"end":{"line":22,"column":53}}}},"branchMap":{"0":{"loc":{"start":{"line":26,"column":13},"end":{"line":26,"column":18}},"type":"cond-expr","locations":[{"start":{"line":26,"column":17},"end":{"line":26,"column":18}},{"start":{"line":26,"column":17},"end":{"line":26,"column":18}}]},"1":{"loc":{"start":{"line":26,"column":13},"end":{"line":26,"column":17}},"type":"binary-expr","locations":[{"start":{"line":26,"column":13},"end":{"line":26,"column":18}},{"start":{"line":26,"column":13},"end":{"line":26,"column":17}}]}},"s":{"0":1,"1":1,"2":1,"3":1,"4":1,"5":1,"6":1,"7":1,"8":1,"9":1,"10":1,"11":1},"f":{"0":1,"1":1},"b":{"0":[1,0],"1":[1,1]}}
,"/Users/axel/Desktop/YNOV/tests/my-favorite-places/server/src/tests/controllers/WordFinder.ts": {"path":"/Users/axel/Desktop/YNOV/tests/my-favorite-places/server/src/tests/controllers/WordFinder.ts","statementMap":{"0":{"start":{"line":1,"column":0},"end":{"line":1,"column":30}},"1":{"start":{"line":3,"column":21},"end":{"line":3,"column":37}},"2":{"start":{"line":5,"column":0},"end":{"line":28,"column":3}},"3":{"start":{"line":7,"column":35},"end":{"line":7,"column":43}},"4":{"start":{"line":9,"column":4},"end":{"line":11,"column":5}},"5":{"start":{"line":10,"column":8},"end":{"line":10,"column":87}},"6":{"start":{"line":13,"column":4},"end":{"line":15,"column":5}},"7":{"start":{"line":14,"column":8},"end":{"line":14,"column":76}},"8":{"start":{"line":17,"column":20},"end":{"line":17,"column":21}},"9":{"start":{"line":19,"column":20},"end":{"line":25,"column":6}},"10":{"start":{"line":20,"column":22},"end":{"line":20,"column":69}},"11":{"start":{"line":21,"column":24},"end":{"line":21,"column":61}},"12":{"start":{"line":22,"column":22},"end":{"line":22,"column":50}},"13":{"start":{"line":23,"column":8},"end":{"line":23,"column":27}},"14":{"start":{"line":24,"column":8},"end":{"line":24,"column":21}},"15":{"start":{"line":27,"column":4},"end":{"line":27,"column":28}},"16":{"start":{"line":30,"column":0},"end":{"line":30,"column":28}}},"fnMap":{"0":{"name":"(anonymous_1)","decl":{"start":{"line":5,"column":35},"end":{"line":5,"column":36}},"loc":{"start":{"line":5,"column":48},"end":{"line":28,"column":1}}},"1":{"name":"(anonymous_2)","decl":{"start":{"line":19,"column":31},"end":{"line":19,"column":32}},"loc":{"start":{"line":19,"column":48},"end":{"line":25,"column":5}}}},"branchMap":{"0":{"loc":{"start":{"line":9,"column":4},"end":{"line":11,"column":5}},"type":"if","locations":[{"start":{"line":9,"column":4},"end":{"line":11,"column":5}},{"start":{},"end":{}}]},"1":{"loc":{"start":{"line":13,"column":4},"end":{"line":15,"column":5}},"type":"if","locations":[{"start":{"line":13,"column":4},"end":{"line":15,"column":5}},{"start":{},"end":{}}]},"2":{"loc":{"start":{"line":22,"column":22},"end":{"line":22,"column":50}},"type":"cond-expr","locations":[{"start":{"line":22,"column":32},"end":{"line":22,"column":46}},{"start":{"line":22,"column":49},"end":{"line":22,"column":50}}]}},"s":{"0":1,"1":1,"2":1,"3":6,"4":6,"5":1,"6":5,"7":1,"8":4,"9":4,"10":11,"11":11,"12":11,"13":11,"14":11,"15":4,"16":1},"f":{"0":6,"1":11},"b":{"0":[1,5],"1":[1,4],"2":[10,1]}}
,"/Users/axel/Desktop/YNOV/tests/my-favorite-places/server/src/utils/getCoordinatesFromSearch.ts": {"path":"/Users/axel/Desktop/YNOV/tests/my-favorite-places/server/src/utils/getCoordinatesFromSearch.ts","statementMap":{"0":{"start":{"line":3,"column":0},"end":{"line":3,"column":7}},"1":{"start":{"line":1,"column":0},"end":{"line":1,"column":26}},"2":{"start":{"line":6,"column":2},"end":{"line":23,"column":3}},"3":{"start":{"line":7,"column":21},"end":{"line":8,"column":null}},"4":{"start":{"line":10,"column":4},"end":{"line":20,"column":5}},"5":{"start":{"line":11,"column":24},"end":{"line":12,"column":null}},"6":{"start":{"line":12,"column":19},"end":{"line":12,"column":60}},"7":{"start":{"line":14,"column":6},"end":{"line":19,"column":7}},"8":{"start":{"line":15,"column":8},"end":{"line":18,"column":10}},"9":{"start":{"line":22,"column":4},"end":{"line":22,"column":43}},"10":{"start":{"line":24,"column":2},"end":{"line":24,"column":14}}},"fnMap":{"0":{"name":"getCoordinatesFromSearch","decl":{"start":{"line":3,"column":22},"end":{"line":3,"column":46}},"loc":{"start":{"line":4,"column":20},"end":{"line":25,"column":1}}},"1":{"name":"(anonymous_2)","decl":{"start":{"line":12,"column":8},"end":{"line":12,"column":9}},"loc":{"start":{"line":12,"column":19},"end":{"line":12,"column":60}}}},"branchMap":{"0":{"loc":{"start":{"line":10,"column":4},"end":{"line":20,"column":5}},"type":"if","locations":[{"start":{"line":10,"column":4},"end":{"line":20,"column":5}},{"start":{},"end":{}}]},"1":{"loc":{"start":{"line":14,"column":6},"end":{"line":19,"column":7}},"type":"if","locations":[{"start":{"line":14,"column":6},"end":{"line":19,"column":7}},{"start":{},"end":{}}]}},"s":{"0":1,"1":1,"2":0,"3":0,"4":0,"5":0,"6":0,"7":0,"8":0,"9":0,"10":0},"f":{"0":0,"1":0},"b":{"0":[0,0],"1":[0,0]}}
,"/Users/axel/Desktop/YNOV/tests/my-favorite-places/server/src/utils/getCountriesStartingWith.ts": {"path":"/Users/axel/Desktop/YNOV/tests/my-favorite-places/server/src/utils/getCountriesStartingWith.ts","statementMap":{"0":{"start":{"line":3,"column":0},"end":{"line":3,"column":7}},"1":{"start":{"line":1,"column":0},"end":{"line":1,"column":26}},"2":{"start":{"line":4,"column":4},"end":{"line":9,"column":5}},"3":{"start":{"line":5,"column":25},"end":{"line":5,"column":106}},"4":{"start":{"line":6,"column":8},"end":{"line":6,"column":70}},"5":{"start":{"line":6,"column":56},"end":{"line":6,"column":68}},"6":{"start":{"line":8,"column":8},"end":{"line":8,"column":53}}},"fnMap":{"0":{"name":"getCountriesStartingWith","decl":{"start":{"line":3,"column":22},"end":{"line":3,"column":46}},"loc":{"start":{"line":3,"column":61},"end":{"line":10,"column":1}}},"1":{"name":"(anonymous_2)","decl":{"start":{"line":6,"column":38},"end":{"line":6,"column":39}},"loc":{"start":{"line":6,"column":56},"end":{"line":6,"column":68}}}},"branchMap":{},"s":{"0":1,"1":1,"2":3,"3":3,"4":3,"5":2,"6":0},"f":{"0":3,"1":2},"b":{}}
,"/Users/axel/Desktop/YNOV/tests/my-favorite-places/server/src/utils/getDistance.ts": {"path":"/Users/axel/Desktop/YNOV/tests/my-favorite-places/server/src/utils/getDistance.ts","statementMap":{"0":{"start":{"line":1,"column":0},"end":{"line":1,"column":16}},"1":{"start":{"line":5,"column":22},"end":{"line":5,"column":26}},"2":{"start":{"line":7,"column":18},"end":{"line":7,"column":61}},"3":{"start":{"line":8,"column":18},"end":{"line":8,"column":61}},"4":{"start":{"line":11,"column":4},"end":{"line":15,"column":49}},"5":{"start":{"line":16,"column":15},"end":{"line":16,"column":65}},"6":{"start":{"line":18,"column":19},"end":{"line":18,"column":37}},"7":{"start":{"line":20,"column":2},"end":{"line":20,"column":18}}},"fnMap":{"0":{"name":"getDistance","decl":{"start":{"line":1,"column":16},"end":{"line":1,"column":27}},"loc":{"start":{"line":3,"column":38},"end":{"line":21,"column":1}}}},"branchMap":{},"s":{"0":2,"1":5,"2":5,"3":5,"4":5,"5":5,"6":5,"7":5},"f":{"0":5},"b":{}}
,"/Users/axel/Desktop/YNOV/tests/my-favorite-places/server/src/utils/getUserFromRequest.ts": {"path":"/Users/axel/Desktop/YNOV/tests/my-favorite-places/server/src/utils/getUserFromRequest.ts","statementMap":{"0":{"start":{"line":24,"column":0},"end":{"line":24,"column":7}},"1":{"start":{"line":2,"column":0},"end":{"line":2,"column":31}},"2":{"start":{"line":3,"column":0},"end":{"line":3,"column":40}},"3":{"start":{"line":5,"column":23},"end":{"line":5,"column":70}},"4":{"start":{"line":8,"column":2},"end":{"line":10,"column":3}},"5":{"start":{"line":9,"column":4},"end":{"line":9,"column":16}},"6":{"start":{"line":12,"column":18},"end":{"line":12,"column":41}},"7":{"start":{"line":14,"column":2},"end":{"line":19,"column":3}},"8":{"start":{"line":15,"column":39},"end":{"line":15,"column":63}},"9":{"start":{"line":16,"column":4},"end":{"line":18,"column":5}},"10":{"start":{"line":17,"column":6},"end":{"line":17,"column":57}},"11":{"start":{"line":21,"column":2},"end":{"line":21,"column":14}},"12":{"start":{"line":25,"column":29},"end":{"line":25,"column":33}},"13":{"start":{"line":26,"column":24},"end":{"line":26,"column":52}},"14":{"start":{"line":27,"column":2},"end":{"line":33,"column":3}},"15":{"start":{"line":28,"column":4},"end":{"line":28,"column":43}},"16":{"start":{"line":29,"column":9},"end":{"line":33,"column":3}},"17":{"start":{"line":30,"column":4},"end":{"line":30,"column":33}},"18":{"start":{"line":32,"column":4},"end":{"line":32,"column":56}},"19":{"start":{"line":35,"column":2},"end":{"line":51,"column":3}},"20":{"start":{"line":36,"column":4},"end":{"line":48,"column":5}},"21":{"start":{"line":37,"column":22},"end":{"line":37,"column":77}},"22":{"start":{"line":38,"column":6},"end":{"line":45,"column":7}},"23":{"start":{"line":39,"column":21},"end":{"line":39,"column":65}},"24":{"start":{"line":40,"column":8},"end":{"line":44,"column":9}},"25":{"start":{"line":41,"column":10},"end":{"line":41,"column":22}},"26":{"start":{"line":43,"column":10},"end":{"line":43,"column":22}},"27":{"start":{"line":47,"column":6},"end":{"line":47,"column":18}},"28":{"start":{"line":50,"column":4},"end":{"line":50,"column":16}}},"fnMap":{"0":{"name":"getCookieValue","decl":{"start":{"line":7,"column":9},"end":{"line":7,"column":23}},"loc":{"start":{"line":7,"column":70},"end":{"line":22,"column":1}}},"1":{"name":"getUserFromRequest","decl":{"start":{"line":24,"column":22},"end":{"line":24,"column":40}},"loc":{"start":{"line":24,"column":53},"end":{"line":52,"column":1}}}},"branchMap":{"0":{"loc":{"start":{"line":5,"column":23},"end":{"line":5,"column":70}},"type":"binary-expr","locations":[{"start":{"line":5,"column":23},"end":{"line":5,"column":49}},{"start":{"line":5,"column":53},"end":{"line":5,"column":70}}]},"1":{"loc":{"start":{"line":8,"column":2},"end":{"line":10,"column":3}},"type":"if","locations":[{"start":{"line":8,"column":2},"end":{"line":10,"column":3}},{"start":{},"end":{}}]},"2":{"loc":{"start":{"line":16,"column":4},"end":{"line":18,"column":5}},"type":"if","locations":[{"start":{"line":16,"column":4},"end":{"line":18,"column":5}},{"start":{},"end":{}}]},"3":{"loc":{"start":{"line":27,"column":2},"end":{"line":33,"column":3}},"type":"if","locations":[{"start":{"line":27,"column":2},"end":{"line":33,"column":3}},{"start":{"line":29,"column":9},"end":{"line":33,"column":3}}]},"4":{"loc":{"start":{"line":27,"column":6},"end":{"line":27,"column":58}},"type":"binary-expr","locations":[{"start":{"line":27,"column":6},"end":{"line":27,"column":19}},{"start":{"line":27,"column":23},"end":{"line":27,"column":58}}]},"5":{"loc":{"start":{"line":29,"column":9},"end":{"line":33,"column":3}},"type":"if","locations":[{"start":{"line":29,"column":9},"end":{"line":33,"column":3}},{"start":{"line":31,"column":9},"end":{"line":33,"column":3}}]},"6":{"loc":{"start":{"line":35,"column":2},"end":{"line":51,"column":3}},"type":"if","locations":[{"start":{"line":35,"column":2},"end":{"line":51,"column":3}},{"start":{"line":49,"column":9},"end":{"line":51,"column":3}}]},"7":{"loc":{"start":{"line":38,"column":6},"end":{"line":45,"column":7}},"type":"if","locations":[{"start":{"line":38,"column":6},"end":{"line":45,"column":7}},{"start":{},"end":{}}]},"8":{"loc":{"start":{"line":40,"column":8},"end":{"line":44,"column":9}},"type":"if","locations":[{"start":{"line":40,"column":8},"end":{"line":44,"column":9}},{"start":{"line":42,"column":15},"end":{"line":44,"column":9}}]}},"s":{"0":1,"1":1,"2":1,"3":1,"4":1,"5":1,"6":0,"7":0,"8":0,"9":0,"10":0,"11":0,"12":3,"13":3,"14":3,"15":2,"16":1,"17":0,"18":1,"19":3,"20":2,"21":2,"22":2,"23":2,"24":2,"25":2,"26":0,"27":0,"28":1},"f":{"0":1,"1":3},"b":{"0":[1,1],"1":[1,0],"2":[0,0],"3":[2,1],"4":[3,2],"5":[0,1],"6":[2,1],"7":[2,0],"8":[2,0]}}
,"/Users/axel/Desktop/YNOV/tests/my-favorite-places/server/src/utils/isAuthorized.ts": {"path":"/Users/axel/Desktop/YNOV/tests/my-favorite-places/server/src/utils/isAuthorized.ts","statementMap":{"0":{"start":{"line":4,"column":0},"end":{"line":4,"column":7}},"1":{"start":{"line":2,"column":0},"end":{"line":2,"column":58}},"2":{"start":{"line":9,"column":15},"end":{"line":9,"column":44}},"3":{"start":{"line":11,"column":2},"end":{"line":15,"column":3}},"4":{"start":{"line":12,"column":4},"end":{"line":12,"column":11}},"5":{"start":{"line":14,"column":4},"end":{"line":14,"column":62}}},"fnMap":{"0":{"name":"isAuthorized","decl":{"start":{"line":4,"column":22},"end":{"line":4,"column":34}},"loc":{"start":{"line":7,"column":20},"end":{"line":16,"column":1}}}},"branchMap":{"0":{"loc":{"start":{"line":11,"column":2},"end":{"line":15,"column":3}},"type":"if","locations":[{"start":{"line":11,"column":2},"end":{"line":15,"column":3}},{"start":{"line":13,"column":9},"end":{"line":15,"column":3}}]}},"s":{"0":1,"1":1,"2":2,"3":2,"4":1,"5":1},"f":{"0":2},"b":{"0":[1,1]}}
,"/Users/axel/Desktop/YNOV/tests/my-favorite-places/server/src/utils/resources/corpuses.ts": {"path":"/Users/axel/Desktop/YNOV/tests/my-favorite-places/server/src/utils/resources/corpuses.ts","statementMap":{"0":{"start":{"line":1,"column":13},"end":{"line":5,"column":null}},"1":{"start":{"line":7,"column":13},"end":{"line":11,"column":null}},"2":{"start":{"line":13,"column":13},"end":{"line":17,"column":null}}},"fnMap":{},"branchMap":{},"s":{"0":1,"1":1,"2":1},"f":{},"b":{}}
}
