TN:
SF:src/app.ts
FN:11,(anonymous_1)
FN:14,(anonymous_2)
FN:41,(anonymous_3)
FN:46,(anonymous_4)
FNF:4
FNH:2
FNDA:4,(anonymous_1)
FNDA:4,(anonymous_2)
FNDA:0,(anonymous_3)
FNDA:0,(anonymous_4)
DA:1,1
DA:2,1
DA:3,1
DA:5,1
DA:6,1
DA:11,4
DA:14,1
DA:15,4
DA:17,4
DA:18,0
DA:19,0
DA:20,0
DA:21,0
DA:25,0
DA:28,4
DA:29,0
DA:32,4
DA:36,1
DA:39,1
DA:41,1
DA:42,0
DA:46,1
DA:47,0
DA:50,1
LF:24
LH:16
BRDA:7,0,0,1
BRDA:7,0,1,1
BRDA:17,1,0,0
BRDA:17,1,1,4
BRDA:17,2,0,4
BRDA:17,2,1,0
BRDA:28,3,0,0
BRDA:28,3,1,4
BRF:8
BRH:5
end_of_record
TN:
SF:src/datasource.ts
FNF:0
FNH:0
DA:1,1
DA:3,1
DA:11,1
LF:3
LH:3
BRF:0
BRH:0
end_of_record
TN:
SF:src/router.ts
FNF:0
FNH:0
DA:1,1
DA:2,1
DA:3,1
DA:5,1
DA:7,1
DA:8,1
DA:10,1
LF:7
LH:7
BRF:0
BRH:0
end_of_record
TN:
SF:src/swagger.ts
FN:125,buildOpenApiDocument
FN:129,writeOpenApiJsonFile
FNF:2
FNH:0
FNDA:0,buildOpenApiDocument
FNDA:0,writeOpenApiJsonFile
DA:1,1
DA:2,1
DA:3,1
DA:5,1
DA:125,1
DA:126,0
DA:129,1
DA:130,0
DA:131,0
DA:132,0
DA:134,0
DA:135,0
DA:136,0
DA:137,0
DA:143,0
DA:144,0
LF:16
LH:6
BRDA:136,0,0,0
BRDA:136,0,1,0
BRF:2
BRH:0
end_of_record
TN:
SF:src/controllers/Addresses.ts
FN:19,serializeAddress
FN:80,(anonymous_1)
FN:132,(anonymous_2)
FN:192,(anonymous_3)
FNF:4
FNH:0
FNDA:0,serializeAddress
FNDA:0,(anonymous_1)
FNDA:0,(anonymous_2)
FNDA:0,(anonymous_3)
DA:1,1
DA:2,1
DA:3,1
DA:4,1
DA:5,1
DA:6,1
DA:8,1
DA:20,0
DA:80,1
DA:81,0
DA:82,0
DA:83,0
DA:85,0
DA:86,0
DA:91,0
DA:93,0
DA:94,0
DA:95,0
DA:96,0
DA:98,0
DA:99,0
DA:100,0
DA:101,0
DA:102,0
DA:103,0
DA:104,0
DA:106,0
DA:132,1
DA:133,0
DA:134,0
DA:135,0
DA:137,0
DA:138,0
DA:192,1
DA:193,0
DA:195,0
DA:196,0
DA:201,0
DA:203,0
DA:210,0
DA:215,0
DA:216,0
DA:217,0
DA:219,0
DA:220,0
DA:222,0
DA:223,0
DA:224,0
DA:228,0
DA:231,1
LF:50
LH:11
BRDA:23,0,0,0
BRDA:23,0,1,0
BRDA:85,1,0,0
BRDA:85,1,1,0
BRDA:85,2,0,0
BRDA:85,2,1,0
BRDA:93,3,0,0
BRDA:93,3,1,0
BRDA:95,4,0,0
BRDA:95,4,1,0
BRDA:134,5,0,0
BRDA:134,5,1,0
BRDA:195,6,0,0
BRDA:195,6,1,0
BRDA:195,7,0,0
BRDA:195,7,1,0
BRDA:195,7,2,0
BRDA:203,8,0,0
BRDA:203,8,1,0
BRDA:204,9,0,0
BRDA:204,9,1,0
BRDA:204,9,2,0
BRDA:204,9,3,0
BRDA:204,9,4,0
BRDA:216,10,0,0
BRDA:216,10,1,0
BRDA:223,11,0,0
BRDA:223,11,1,0
BRF:28
BRH:0
end_of_record
TN:
SF:src/controllers/Users.ts
FN:30,serializeUser
FN:79,(anonymous_2)
FN:121,(anonymous_3)
FN:165,(anonymous_4)
FN:212,(anonymous_5)
FNF:5
FNH:4
FNDA:2,serializeUser
FNDA:1,(anonymous_2)
FNDA:1,(anonymous_3)
FNDA:1,(anonymous_4)
FNDA:0,(anonymous_5)
DA:1,1
DA:2,1
DA:3,1
DA:4,1
DA:5,1
DA:6,1
DA:8,1
DA:9,1
DA:11,1
DA:14,1
DA:15,1
DA:22,1
DA:31,2
DA:79,1
DA:80,1
DA:81,1
DA:83,1
DA:84,0
DA:87,1
DA:88,1
DA:89,1
DA:90,1
DA:91,1
DA:92,1
DA:94,0
DA:95,0
DA:121,1
DA:122,1
DA:123,1
DA:124,0
DA:126,1
DA:165,1
DA:166,1
DA:167,1
DA:169,1
DA:170,0
DA:173,1
DA:175,1
DA:176,0
DA:179,1
DA:180,1
DA:181,1
DA:182,1
DA:183,1
DA:185,0
DA:188,0
DA:212,1
DA:213,0
DA:214,0
DA:217,1
LF:50
LH:40
BRDA:8,0,0,1
BRDA:8,0,1,1
BRDA:11,1,0,1
BRDA:11,1,1,1
BRDA:14,2,0,1
BRDA:14,2,1,1
BRDA:14,2,2,0
BRDA:83,3,0,0
BRDA:83,3,1,1
BRDA:83,4,0,1
BRDA:83,4,1,1
BRDA:123,5,0,0
BRDA:123,5,1,1
BRDA:169,6,0,0
BRDA:169,6,1,1
BRDA:169,7,0,1
BRDA:169,7,1,1
BRDA:175,8,0,0
BRDA:175,8,1,1
BRDA:180,9,0,1
BRDA:180,9,1,0
BRF:21
BRH:15
end_of_record
TN:
SF:src/entities/Address.ts
FN:28,(anonymous_2)
FN:28,(anonymous_3)
FNF:2
FNH:2
FNDA:1,(anonymous_2)
FNDA:1,(anonymous_3)
DA:1,1
DA:9,1
DA:12,1
DA:14,1
DA:17,1
DA:20,1
DA:23,1
DA:26,1
DA:28,1
DA:29,1
DA:32,1
LF:11
LH:11
BRDA:29,0,0,0
BRDA:29,0,1,1
BRDA:29,1,0,1
BRDA:29,1,1,0
BRDA:32,2,0,1
BRDA:32,2,1,0
BRDA:32,3,0,1
BRDA:32,3,1,1
BRF:8
BRH:5
end_of_record
TN:
SF:src/entities/User.ts
FN:22,(anonymous_2)
FN:22,(anonymous_3)
FNF:2
FNH:2
FNDA:1,(anonymous_2)
FNDA:1,(anonymous_3)
DA:1,1
DA:9,1
DA:12,1
DA:14,1
DA:17,1
DA:20,1
DA:22,1
DA:23,1
DA:26,1
LF:9
LH:9
BRDA:26,0,0,1
BRDA:26,0,1,0
BRDA:26,1,0,1
BRDA:26,1,1,1
BRF:4
BRH:3
end_of_record
TN:
SF:src/tests/controllers/WordFinder.ts
FN:5,(anonymous_1)
FN:19,(anonymous_2)
FNF:2
FNH:2
FNDA:6,(anonymous_1)
FNDA:11,(anonymous_2)
DA:1,1
DA:3,1
DA:5,1
DA:7,6
DA:9,6
DA:10,1
DA:13,5
DA:14,1
DA:17,4
DA:19,4
DA:20,11
DA:21,11
DA:22,11
DA:23,11
DA:24,11
DA:27,4
DA:30,1
LF:17
LH:17
BRDA:9,0,0,1
BRDA:9,0,1,5
BRDA:13,1,0,1
BRDA:13,1,1,4
BRDA:22,2,0,10
BRDA:22,2,1,1
BRF:6
BRH:6
end_of_record
TN:
SF:src/utils/getCoordinatesFromSearch.ts
FN:3,getCoordinatesFromSearch
FN:12,(anonymous_2)
FNF:2
FNH:0
FNDA:0,getCoordinatesFromSearch
FNDA:0,(anonymous_2)
DA:1,1
DA:3,1
DA:6,0
DA:7,0
DA:10,0
DA:11,0
DA:12,0
DA:14,0
DA:15,0
DA:22,0
DA:24,0
LF:11
LH:2
BRDA:10,0,0,0
BRDA:10,0,1,0
BRDA:14,1,0,0
BRDA:14,1,1,0
BRF:4
BRH:0
end_of_record
TN:
SF:src/utils/getCountriesStartingWith.ts
FN:3,getCountriesStartingWith
FN:6,(anonymous_2)
FNF:2
FNH:2
FNDA:3,getCountriesStartingWith
FNDA:2,(anonymous_2)
DA:1,1
DA:3,1
DA:4,3
DA:5,3
DA:6,3
DA:8,0
LF:6
LH:5
BRF:0
BRH:0
end_of_record
TN:
SF:src/utils/getDistance.ts
FN:1,getDistance
FNF:1
FNH:1
FNDA:5,getDistance
DA:1,2
DA:5,5
DA:7,5
DA:8,5
DA:11,5
DA:16,5
DA:18,5
DA:20,5
LF:8
LH:8
BRF:0
BRH:0
end_of_record
TN:
SF:src/utils/getUserFromRequest.ts
FN:7,getCookieValue
FN:24,getUserFromRequest
FNF:2
FNH:2
FNDA:1,getCookieValue
FNDA:3,getUserFromRequest
DA:2,1
DA:3,1
DA:5,1
DA:8,1
DA:9,1
DA:12,0
DA:14,0
DA:15,0
DA:16,0
DA:17,0
DA:21,0
DA:24,1
DA:25,3
DA:26,3
DA:27,3
DA:28,2
DA:29,1
DA:30,0
DA:32,1
DA:35,3
DA:36,2
DA:37,2
DA:38,2
DA:39,2
DA:40,2
DA:41,2
DA:43,0
DA:47,0
DA:50,1
LF:29
LH:20
BRDA:5,0,0,1
BRDA:5,0,1,1
BRDA:8,1,0,1
BRDA:8,1,1,0
BRDA:16,2,0,0
BRDA:16,2,1,0
BRDA:27,3,0,2
BRDA:27,3,1,1
BRDA:27,4,0,3
BRDA:27,4,1,2
BRDA:29,5,0,0
BRDA:29,5,1,1
BRDA:35,6,0,2
BRDA:35,6,1,1
BRDA:38,7,0,2
BRDA:38,7,1,0
BRDA:40,8,0,2
BRDA:40,8,1,0
BRF:18
BRH:12
end_of_record
TN:
SF:src/utils/isAuthorized.ts
FN:4,isAuthorized
FNF:1
FNH:1
FNDA:2,isAuthorized
DA:2,1
DA:4,1
DA:9,2
DA:11,2
DA:12,1
DA:14,1
LF:6
LH:6
BRDA:11,0,0,1
BRDA:11,0,1,1
BRF:2
BRH:2
end_of_record
TN:
SF:src/utils/resources/corpuses.ts
FNF:0
FNH:0
DA:1,1
DA:7,1
DA:13,1
LF:3
LH:3
BRF:0
BRH:0
end_of_record
